<?xml version='1.0' encoding='UTF-8'?>
<testsuite hostname="Nitants-MacBook-Air.local" name="com.tweetpulse.MockTweetProducerSpec" tests="14" errors="0" failures="0" skipped="0" time="0.052" timestamp="2026-04-29T18:31:18">
          <properties>
[...]
</properties>
          <testcase classname="com.tweetpulse.MockTweetProducerSpec" name="generateTweet should produce tweet with valid id" time="0.008">
                      
                    </testcase><testcase classname="com.tweetpulse.MockTweetProducerSpec" name="generateTweet should produce tweet with non-empty text" time="0.002">
                      
                    </testcase><testcase classname="com.tweetpulse.MockTweetProducerSpec" name="generateTweet should produce tweet with valid lang Option" time="0.006">
                      
                    </testcase><testcase classname="com.tweetpulse.MockTweetProducerSpec" name="generateTweet should produce tweet with non-empty hashtags" time="0.0">
                      
                    </testcase><testcase classname="com.tweetpulse.MockTweetProducerSpec" name="generateTweet should produce tweet with positive metrics" time="0.002">
                      
                    </testcase><testcase classname="com.tweetpulse.MockTweetProducerSpec" name="generateTweet should produce unique tweets for different ids" time="0.0">
                      
                    </testcase><testcase classname="com.tweetpulse.MockTweetProducerSpec" name="toJson should produce valid JSON string" time="0.0">
                      
                    </testcase><testcase classname="com.tweetpulse.MockTweetProducerSpec" name="toJson should include correct tweet id in JSON" time="0.0">
                      
                    </testcase><testcase classname="com.tweetpulse.MockTweetProducerSpec" name="toJson should produce JSON with hashtag array" time="0.0">
                      
                    </testcase><testcase classname="com.tweetpulse.MockTweetProducerSpec" name="toJson should escape quotes in tweet text" time="0.0">
                      
                    </testcase><testcase classname="com.tweetpulse.MockTweetProducerSpec" name="buildConfig should set bootstrap servers from env" time="0.031">
                      
                    </testcase><testcase classname="com.tweetpulse.MockTweetProducerSpec" name="buildConfig should set SASL_SSL security protocol" time="0.001">
                      
                    </testcase><testcase classname="com.tweetpulse.MockTweetProducerSpec" name="buildConfig should set PLAIN sasl mechanism" time="0.001">
                      
                    </testcase><testcase classname="com.tweetpulse.MockTweetProducerSpec" name="buildConfig should set string serializers" time="0.001">
                      
                    </testcase>
          <system-out><![CDATA[]]></system-out>
          <system-err><![CDATA[]]></system-err>
        </testsuite>